2024-08-24 16:50:45 info: Conectados a Mongo DB
2024-08-24 16:50:45 info: server listening on port: 8080
2024-08-24 16:50:45 error: 8080 Not Found 
2024-08-24 16:50:49 info: Conectados a Mongo DB
2024-08-24 16:50:49 info: server listening on port: 8080
2024-08-24 16:50:49 error: 8080 Not Found 
2024-08-24 16:50:53 info: Conectados a Mongo DB
2024-08-24 16:50:53 info: server listening on port: 8080
2024-08-24 16:50:53 error: 8080 Not Found 
2024-08-24 16:50:59 info: Conectados a Mongo DB
2024-08-24 16:50:59 info: server listening on port: 8080
2024-08-24 16:50:59 error: 8080 Not Found 
2024-08-24 16:51:01 info: Conectados a Mongo DB
2024-08-24 16:51:01 info: server listening on port: 8080
2024-08-24 16:51:01 error: 8080 Not Found 
2024-08-24 16:51:03 info: Conectados a Mongo DB
2024-08-24 16:51:03 info: server listening on port: 8080
2024-08-24 16:51:03 error: 8080 Not Found 
2024-08-24 16:51:04 info: Conectados a Mongo DB
2024-08-24 16:51:04 info: server listening on port: 8080
2024-08-24 16:51:04 error: 8080 Not Found 
2024-08-24 16:51:07 info: Conectados a Mongo DB
2024-08-24 16:51:07 info: server listening on port: 8080
2024-08-24 16:51:07 error: 8080 Not Found 
2024-08-24 16:51:10 info: Conectados a Mongo DB
2024-08-24 16:51:10 info: server listening on port: 8080
2024-08-24 16:51:10 error: 8080 Not Found 
2024-08-24 16:51:13 info: Conectados a Mongo DB
2024-08-24 16:51:13 info: server listening on port: 8080
2024-08-24 16:51:13 error: 8080 Not Found 
2024-08-24 16:51:37 error: Product id 665b3850823175c9a2b4b456 not found
2024-08-24 16:51:57 info: Conectados a Mongo DB
2024-08-24 16:51:57 info: server listening on port: 8080
2024-08-24 16:53:33 error: Cast to ObjectId failed for value "665b3850823175c9a2b4b45" (type string) at path "_id" for model "products"
2024-08-24 16:55:45 info: Conectados a Mongo DB
2024-08-24 16:55:45 info: server listening on port: 8080
2024-08-24 16:55:53 info: Conectados a Mongo DB
2024-08-24 16:55:53 info: server listening on port: 8080
2024-08-24 16:55:57 info: Conectados a Mongo DB
2024-08-24 16:55:57 info: server listening on port: 8080
2024-08-24 16:56:04 info: Conectados a Mongo DB
2024-08-24 16:56:04 info: server listening on port: 8080
2024-08-24 16:56:06 info: Conectados a Mongo DB
2024-08-24 16:56:06 info: server listening on port: 8080
2024-08-24 16:56:08 info: Conectados a Mongo DB
2024-08-24 16:56:08 info: server listening on port: 8080
2024-08-24 16:56:17 info: Conectados a Mongo DB
2024-08-24 16:56:17 info: server listening on port: 8080
2024-08-24 16:56:23 info: Conectados a Mongo DB
2024-08-24 16:56:23 info: server listening on port: 8080
2024-08-24 16:56:24 info: Conectados a Mongo DB
2024-08-24 16:56:24 info: server listening on port: 8080
2024-08-24 16:56:27 info: Conectados a Mongo DB
2024-08-24 16:56:27 info: server listening on port: 8080
2024-08-24 16:56:31 info: Conectados a Mongo DB
2024-08-24 16:56:31 info: server listening on port: 8080
2024-08-24 16:56:35 info: Conectados a Mongo DB
2024-08-24 16:56:35 info: server listening on port: 8080
2024-08-24 16:56:39 info: Conectados a Mongo DB
2024-08-24 16:56:39 info: server listening on port: 8080
2024-08-24 16:56:43 error: Cast to ObjectId failed for value "665b3850823175c9a2b4b45" (type string) at path "_id" for model "products"
2024-08-24 16:58:49 info: Conectados a Mongo DB
2024-08-24 16:58:49 info: server listening on port: 8080
2024-08-24 16:58:52 info: Conectados a Mongo DB
2024-08-24 16:58:52 info: server listening on port: 8080
2024-08-24 16:59:00 info: Conectados a Mongo DB
2024-08-24 16:59:00 info: server listening on port: 8080
2024-08-24 16:59:06 info: Conectados a Mongo DB
2024-08-24 16:59:06 info: server listening on port: 8080
2024-08-24 17:37:51 info: Conectados a Mongo DB
2024-08-24 17:37:51 info: server listening on port: 8080
2024-08-24 19:20:38 info: Conectados a Mongo DB
2024-08-24 19:20:38 info: server listening on port: 8080
2024-08-24 19:21:40 info: Prueba de logger exitosa
2024-08-24 19:22:19 info: Conectados a Mongo DB
2024-08-24 19:22:19 info: server listening on port: 8080
2024-08-24 19:22:25 info: Conectados a Mongo DB
2024-08-24 19:22:25 info: server listening on port: 8080
2024-08-24 19:23:08 info: Conectados a Mongo DB
2024-08-24 19:23:08 info: server listening on port: 8080
2024-08-24 19:23:17 info: Conectados a Mongo DB
2024-08-24 19:23:17 info: server listening on port: 8080
2024-08-24 19:23:23 info: Conectados a Mongo DB
2024-08-24 19:23:23 info: server listening on port: 8080
2024-08-24 19:23:25 info: Conectados a Mongo DB
2024-08-24 19:23:25 info: server listening on port: 8080
2024-08-24 19:23:26 info: Conectados a Mongo DB
2024-08-24 19:23:26 info: server listening on port: 8080
2024-08-24 19:23:34 info: Conectados a Mongo DB
2024-08-24 19:23:34 info: server listening on port: 8080
2024-08-24 19:23:44 info: Conectados a Mongo DB
2024-08-24 19:23:44 info: server listening on port: 8080
2024-08-24 19:23:47 info: Conectados a Mongo DB
2024-08-24 19:23:47 info: server listening on port: 8080
2024-08-24 19:23:56 info: Conectados a Mongo DB
2024-08-24 19:23:56 info: server listening on port: 8080
2024-08-24 19:23:58 info: Conectados a Mongo DB
2024-08-24 19:23:58 info: server listening on port: 8080
2024-08-24 19:24:02 info: Conectados a Mongo DB
2024-08-24 19:24:02 info: server listening on port: 8080
2024-08-24 19:24:04 info: Prueba de logger.info
2024-08-24 19:24:04 warn: Prueba de login.warn
2024-08-24 19:24:04 error: Prueba de login.error
2024-08-24 19:24:59 info: Conectados a Mongo DB
2024-08-24 19:24:59 info: server listening on port: 8080
2024-08-24 19:25:01 info: Conectados a Mongo DB
2024-08-24 19:25:01 info: server listening on port: 8080
2024-08-24 19:25:04 info: Conectados a Mongo DB
2024-08-24 19:25:04 info: server listening on port: 8080
2024-08-24 19:25:06 info: Conectados a Mongo DB
2024-08-24 19:25:06 info: server listening on port: 8080
2024-08-24 19:25:10 info: Conectados a Mongo DB
2024-08-24 19:25:10 info: server listening on port: 8080
2024-08-24 19:25:14 info: Conectados a Mongo DB
2024-08-24 19:25:14 info: server listening on port: 8080
2024-08-24 19:25:18 info: Conectados a Mongo DB
2024-08-24 19:25:18 info: server listening on port: 8080
2024-08-24 19:25:21 info: Prueba de logger.info
2024-08-24 19:25:21 warn: Prueba de login.warn
2024-08-24 19:25:21 error: Prueba de login.error
2024-08-24 19:26:26 info: Conectados a Mongo DB
2024-08-24 19:26:26 info: server listening on port: 8080
2024-08-24 19:26:33 info: Conectados a Mongo DB
2024-08-24 19:26:33 info: server listening on port: 8080
2024-08-24 19:26:44 info: Conectados a Mongo DB
2024-08-24 19:26:44 info: server listening on port: 8080
2024-08-24 19:26:58 info: Conectados a Mongo DB
2024-08-24 19:26:58 info: server listening on port: 8080
2024-08-24 19:27:00 info: Conectados a Mongo DB
2024-08-24 19:27:00 info: server listening on port: 8080
2024-08-24 19:27:05 info: Conectados a Mongo DB
2024-08-24 19:27:05 info: server listening on port: 8080
2024-08-24 19:27:09 info: Conectados a Mongo DB
2024-08-24 19:27:09 info: server listening on port: 8080
2024-08-24 19:27:11 info: Conectados a Mongo DB
2024-08-24 19:27:11 info: server listening on port: 8080
2024-08-24 19:27:14 info: Conectados a Mongo DB
2024-08-24 19:27:14 info: server listening on port: 8080
2024-08-24 19:27:27 info: Conectados a Mongo DB
2024-08-24 19:27:27 info: server listening on port: 8080
2024-08-24 19:27:28 info: Conectados a Mongo DB
2024-08-24 19:27:28 info: server listening on port: 8080
2024-08-24 19:27:32 info: Conectados a Mongo DB
2024-08-24 19:27:32 info: server listening on port: 8080
2024-08-24 19:27:34 info: Conectados a Mongo DB
2024-08-24 19:27:34 info: server listening on port: 8080
2024-08-24 19:27:41 info: Conectados a Mongo DB
2024-08-24 19:27:41 info: server listening on port: 8080
2024-08-24 19:27:56 info: Conectados a Mongo DB
2024-08-24 19:27:56 info: server listening on port: 8080
2024-08-24 19:27:58 info: Conectados a Mongo DB
2024-08-24 19:27:58 info: server listening on port: 8080
2024-08-24 19:27:59 info: Conectados a Mongo DB
2024-08-24 19:27:59 info: server listening on port: 8080
2024-08-24 19:28:07 info: Conectados a Mongo DB
2024-08-24 19:28:07 info: server listening on port: 8080
2024-08-24 19:28:12 info: Conectados a Mongo DB
2024-08-24 19:28:12 info: server listening on port: 8080
2024-08-24 19:29:53 info: Conectados a Mongo DB
2024-08-24 19:29:53 info: server listening on port: 8080
2024-08-24 19:29:55 info: Conectados a Mongo DB
2024-08-24 19:29:55 info: server listening on port: 8080
2024-08-24 19:29:58 info: Conectados a Mongo DB
2024-08-24 19:29:58 info: server listening on port: 8080
2024-08-24 19:30:03 info: Conectados a Mongo DB
2024-08-24 19:30:03 info: server listening on port: 8080
2024-08-24 19:30:13 info: Conectados a Mongo DB
2024-08-24 19:30:13 info: server listening on port: 8080
2024-08-24 19:30:15 info: Conectados a Mongo DB
2024-08-24 19:30:15 info: server listening on port: 8080
2024-08-24 19:30:16 info: Conectados a Mongo DB
2024-08-24 19:30:16 info: server listening on port: 8080
2024-08-24 19:30:20 info: Conectados a Mongo DB
2024-08-24 19:30:20 info: server listening on port: 8080
2024-08-24 19:36:42 info: Conectados a Mongo DB
2024-08-24 19:36:42 info: server listening on port: 8080
2024-08-24 19:36:44 info: Conectados a Mongo DB
2024-08-24 19:36:44 info: server listening on port: 8080
2024-08-24 19:40:58 info: Conectados a Mongo DB
2024-08-24 19:40:58 info: server listening on port: 8080
2024-08-24 19:40:59 info: Conectados a Mongo DB
2024-08-24 19:40:59 info: server listening on port: 8080
2024-08-24 19:41:04 info: Conectados a Mongo DB
2024-08-24 19:41:04 info: server listening on port: 8080
2024-08-24 19:41:05 info: Conectados a Mongo DB
2024-08-24 19:41:05 info: server listening on port: 8080
2024-08-24 19:41:10 info: Conectados a Mongo DB
2024-08-24 19:41:10 info: server listening on port: 8080
2024-08-24 19:41:12 info: Conectados a Mongo DB
2024-08-24 19:41:12 info: server listening on port: 8080
2024-08-24 19:41:13 info: Conectados a Mongo DB
2024-08-24 19:41:13 info: server listening on port: 8080
2024-08-24 19:41:17 info: Conectados a Mongo DB
2024-08-24 19:41:17 info: server listening on port: 8080
2024-08-24 19:41:21 info: Conectados a Mongo DB
2024-08-24 19:41:21 info: server listening on port: 8080
2024-08-24 19:41:29 error: CastError: Cast to ObjectId failed for value "66af9c6c7f4296cfb8907a1" (type string) at path "_id" for model "products"
2024-08-24 19:41:53 info: Conectados a Mongo DB
2024-08-24 19:41:53 info: server listening on port: 8080
2024-08-24 19:42:48 info: Prueba de logger.info
2024-08-24 19:42:48 warn: Prueba de login.warn
2024-08-24 19:42:48 error: Prueba de login.error
2024-08-24 19:43:34 info: Conectados a Mongo DB
2024-08-24 19:43:34 info: server listening on port: 8080
2024-08-24 19:43:37 info: Conectados a Mongo DB
2024-08-24 19:43:37 info: server listening on port: 8080
2024-08-24 19:43:41 info: Conectados a Mongo DB
2024-08-24 19:43:41 info: server listening on port: 8080
2024-08-24 19:43:56 info: Conectados a Mongo DB
2024-08-24 19:43:56 info: server listening on port: 8080
2024-08-24 19:44:01 info: Conectados a Mongo DB
2024-08-24 19:44:01 info: server listening on port: 8080
2024-08-24 19:44:07 info: Conectados a Mongo DB
2024-08-24 19:44:07 info: server listening on port: 8080
2024-08-24 19:44:13 info: Conectados a Mongo DB
2024-08-24 19:44:13 info: server listening on port: 8080
2024-08-24 19:44:21 info: Conectados a Mongo DB
2024-08-24 19:44:21 info: server listening on port: 8080
2024-08-24 19:44:29 info: Conectados a Mongo DB
2024-08-24 19:44:29 info: server listening on port: 8080
2024-08-25 12:14:28 info: Conectados a Mongo DB
2024-08-25 12:14:28 info: server listening on port: 8080
2024-08-25 12:14:50 info: Conectados a Mongo DB
2024-08-25 12:14:50 info: server listening on port: 8080
2024-08-25 12:16:00 info: Conectados a Mongo DB
2024-08-25 12:16:00 info: server listening on port: 8080
2024-08-25 12:16:02 info: Conectados a Mongo DB
2024-08-25 12:16:02 info: server listening on port: 8080
2024-08-25 12:16:06 info: Conectados a Mongo DB
2024-08-25 12:16:06 info: server listening on port: 8080
2024-08-25 12:16:12 info: Conectados a Mongo DB
2024-08-25 12:16:12 info: server listening on port: 8080
2024-08-25 12:16:16 info: Conectados a Mongo DB
2024-08-25 12:16:16 info: server listening on port: 8080
2024-08-25 12:16:34 info: Conectados a Mongo DB
2024-08-25 12:16:34 info: server listening on port: 8080
2024-08-25 12:21:51 info: Conectados a Mongo DB
2024-08-25 12:21:51 info: server listening on port: 8080
2024-08-25 12:22:31 info: Conectados a Mongo DB
2024-08-25 12:22:31 info: server listening on port: 8080
2024-08-25 12:22:37 info: Conectados a Mongo DB
2024-08-25 12:22:37 info: server listening on port: 8080
2024-08-25 12:22:39 info: Conectados a Mongo DB
2024-08-25 12:22:39 info: server listening on port: 8080
2024-08-25 12:22:43 info: Conectados a Mongo DB
2024-08-25 12:22:43 info: server listening on port: 8080
2024-08-25 12:23:29 info: Conectados a Mongo DB
2024-08-25 12:23:29 info: server listening on port: 8080
2024-08-25 12:23:32 info: Conectados a Mongo DB
2024-08-25 12:23:32 info: server listening on port: 8080
2024-08-25 12:24:11 info: Conectados a Mongo DB
2024-08-25 12:24:11 info: server listening on port: 8080
2024-08-25 12:24:14 info: Conectados a Mongo DB
2024-08-25 12:24:14 info: server listening on port: 8080
2024-08-25 12:24:35 info: Conectados a Mongo DB
2024-08-25 12:24:35 info: server listening on port: 8080
2024-08-25 12:24:39 info: Conectados a Mongo DB
2024-08-25 12:24:39 info: server listening on port: 8080
2024-08-25 12:24:41 info: Conectados a Mongo DB
2024-08-25 12:24:41 info: server listening on port: 8080
2024-08-25 12:24:42 info: Conectados a Mongo DB
2024-08-25 12:24:42 info: server listening on port: 8080
2024-08-25 12:24:46 info: Conectados a Mongo DB
2024-08-25 12:24:46 info: server listening on port: 8080
2024-08-25 12:24:48 info: Conectados a Mongo DB
2024-08-25 12:24:48 info: server listening on port: 8080
2024-08-25 12:24:51 info: Conectados a Mongo DB
2024-08-25 12:24:51 info: server listening on port: 8080
2024-08-25 12:24:56 info: Conectados a Mongo DB
2024-08-25 12:24:56 info: server listening on port: 8080
2024-08-25 12:26:17 info: Conectados a Mongo DB
2024-08-25 12:26:17 info: server listening on port: 8080
2024-08-25 12:26:25 info: Conectados a Mongo DB
2024-08-25 12:26:25 info: server listening on port: 8080
2024-08-25 12:26:34 info: Conectados a Mongo DB
2024-08-25 12:26:34 info: server listening on port: 8080
2024-08-25 12:26:38 info: Conectados a Mongo DB
2024-08-25 12:26:38 info: server listening on port: 8080
2024-08-25 12:26:44 info: Conectados a Mongo DB
2024-08-25 12:26:44 info: server listening on port: 8080
2024-08-25 12:26:49 info: Conectados a Mongo DB
2024-08-25 12:26:49 info: server listening on port: 8080
2024-08-25 12:26:50 info: Conectados a Mongo DB
2024-08-25 12:26:50 info: server listening on port: 8080
2024-08-25 12:29:02 info: Conectados a Mongo DB
2024-08-25 12:29:02 info: server listening on port: 8080
2024-08-25 12:29:07 info: Conectados a Mongo DB
2024-08-25 12:29:07 info: server listening on port: 8080
2024-08-25 12:29:11 info: Conectados a Mongo DB
2024-08-25 12:29:11 info: server listening on port: 8080
2024-08-25 12:29:15 info: Conectados a Mongo DB
2024-08-25 12:29:15 info: server listening on port: 8080
2024-08-25 12:29:27 info: Conectados a Mongo DB
2024-08-25 12:29:27 info: server listening on port: 8080
2024-08-25 12:29:29 info: Conectados a Mongo DB
2024-08-25 12:29:29 info: server listening on port: 8080
2024-08-25 12:29:36 info: Conectados a Mongo DB
2024-08-25 12:29:36 info: server listening on port: 8080
2024-08-25 12:29:54 info: Conectados a Mongo DB
2024-08-25 12:29:54 info: server listening on port: 8080
2024-08-25 12:30:09 info: Conectados a Mongo DB
2024-08-25 12:30:09 info: server listening on port: 8080
2024-08-25 12:30:18 info: Conectados a Mongo DB
2024-08-25 12:30:18 info: server listening on port: 8080
2024-08-25 12:30:44 info: Conectados a Mongo DB
2024-08-25 12:30:44 info: server listening on port: 8080
2024-08-25 12:30:52 info: Conectados a Mongo DB
2024-08-25 12:30:52 info: server listening on port: 8080
2024-08-25 12:30:58 info: Conectados a Mongo DB
2024-08-25 12:30:58 info: server listening on port: 8080
2024-08-25 12:31:33 info: Conectados a Mongo DB
2024-08-25 12:31:33 info: server listening on port: 8080
2024-08-25 12:31:41 info: Conectados a Mongo DB
2024-08-25 12:31:41 info: server listening on port: 8080
2024-08-25 12:32:45 info: Conectados a Mongo DB
2024-08-25 12:32:45 info: server listening on port: 8080
2024-08-25 12:32:50 info: Conectados a Mongo DB
2024-08-25 12:32:50 info: server listening on port: 8080
2024-08-25 12:32:54 info: Conectados a Mongo DB
2024-08-25 12:32:54 info: server listening on port: 8080
2024-08-25 12:32:58 info: Conectados a Mongo DB
2024-08-25 12:32:58 info: server listening on port: 8080
2024-08-25 12:33:31 info: Conectados a Mongo DB
2024-08-25 12:33:31 info: server listening on port: 8080
2024-08-25 12:33:33 info: Conectados a Mongo DB
2024-08-25 12:33:33 info: server listening on port: 8080
2024-08-25 12:33:38 info: Conectados a Mongo DB
2024-08-25 12:33:38 info: server listening on port: 8080
2024-08-25 12:33:40 info: Conectados a Mongo DB
2024-08-25 12:33:40 info: server listening on port: 8080
2024-08-25 12:33:43 info: Conectados a Mongo DB
2024-08-25 12:33:43 info: server listening on port: 8080
2024-08-25 12:33:45 info: Conectados a Mongo DB
2024-08-25 12:33:45 info: server listening on port: 8080
2024-08-25 12:33:49 info: Conectados a Mongo DB
2024-08-25 12:33:49 info: server listening on port: 8080
2024-08-25 12:33:51 info: Conectados a Mongo DB
2024-08-25 12:33:51 info: server listening on port: 8080
2024-08-25 12:33:55 info: Conectados a Mongo DB
2024-08-25 12:33:55 info: server listening on port: 8080
2024-08-25 12:34:00 info: Conectados a Mongo DB
2024-08-25 12:34:00 info: server listening on port: 8080
2024-08-25 12:34:01 info: Conectados a Mongo DB
2024-08-25 12:34:01 info: server listening on port: 8080
2024-08-25 12:34:31 info: Conectados a Mongo DB
2024-08-25 12:34:31 info: server listening on port: 8080
2024-08-25 12:34:33 info: Conectados a Mongo DB
2024-08-25 12:34:33 info: server listening on port: 8080
2024-08-25 12:34:35 info: Conectados a Mongo DB
2024-08-25 12:34:35 info: server listening on port: 8080
2024-08-25 12:34:36 info: Conectados a Mongo DB
2024-08-25 12:34:36 info: server listening on port: 8080
2024-08-25 12:34:44 info: Conectados a Mongo DB
2024-08-25 12:34:44 info: server listening on port: 8080
2024-08-25 12:34:46 info: Conectados a Mongo DB
2024-08-25 12:34:47 info: server listening on port: 8080
2024-08-25 12:36:37 info: Conectados a Mongo DB
2024-08-25 12:36:37 info: server listening on port: 8080
2024-08-25 12:38:33 info: Conectados a Mongo DB
2024-08-25 12:38:33 info: server listening on port: 8080
2024-08-25 12:38:57 info: Conectados a Mongo DB
2024-08-25 12:38:57 info: server listening on port: 8080
2024-08-25 12:39:18 info: Conectados a Mongo DB
2024-08-25 12:39:18 info: server listening on port: 8080
2024-08-25 12:39:28 info: Conectados a Mongo DB
2024-08-25 12:39:28 info: server listening on port: 8080
2024-08-25 12:39:29 info: Conectados a Mongo DB
2024-08-25 12:39:29 info: server listening on port: 8080
2024-08-25 12:39:31 info: Conectados a Mongo DB
2024-08-25 12:39:31 info: server listening on port: 8080
2024-08-25 12:39:33 info: Conectados a Mongo DB
2024-08-25 12:39:33 info: server listening on port: 8080
2024-08-25 12:39:35 info: Conectados a Mongo DB
2024-08-25 12:39:35 info: server listening on port: 8080
2024-08-25 12:39:36 info: Conectados a Mongo DB
2024-08-25 12:39:37 info: server listening on port: 8080
2024-08-25 12:39:39 info: Conectados a Mongo DB
2024-08-25 12:39:39 info: server listening on port: 8080
2024-08-25 12:39:44 info: Conectados a Mongo DB
2024-08-25 12:39:44 info: server listening on port: 8080
2024-08-25 12:39:54 info: Conectados a Mongo DB
2024-08-25 12:39:54 info: server listening on port: 8080
2024-08-25 12:40:03 info: Conectados a Mongo DB
2024-08-25 12:40:03 info: server listening on port: 8080
2024-08-25 12:40:07 info: Conectados a Mongo DB
2024-08-25 12:40:07 info: server listening on port: 8080
2024-08-25 12:40:10 info: Conectados a Mongo DB
2024-08-25 12:40:10 info: server listening on port: 8080
2024-08-25 12:40:12 info: Conectados a Mongo DB
2024-08-25 12:40:12 info: server listening on port: 8080
2024-08-25 12:42:42 info: Conectados a Mongo DB
2024-08-25 12:42:42 info: server listening on port: 8080
2024-08-25 12:42:50 info: Conectados a Mongo DB
2024-08-25 12:42:50 info: server listening on port: 8080
2024-08-25 12:42:53 info: Conectados a Mongo DB
2024-08-25 12:42:54 info: server listening on port: 8080
2024-08-25 12:42:59 info: Conectados a Mongo DB
2024-08-25 12:42:59 info: server listening on port: 8080
2024-08-25 12:43:02 info: Conectados a Mongo DB
2024-08-25 12:43:02 info: server listening on port: 8080
2024-08-25 12:43:04 info: Conectados a Mongo DB
2024-08-25 12:43:04 info: server listening on port: 8080
2024-08-25 12:43:08 info: Conectados a Mongo DB
2024-08-25 12:43:08 info: server listening on port: 8080
2024-08-25 12:43:10 info: Conectados a Mongo DB
2024-08-25 12:43:10 info: server listening on port: 8080
2024-08-25 12:43:16 info: Conectados a Mongo DB
2024-08-25 12:43:16 info: server listening on port: 8080
2024-08-25 12:43:17 info: Conectados a Mongo DB
2024-08-25 12:43:17 info: server listening on port: 8080
2024-08-25 12:43:25 info: Conectados a Mongo DB
2024-08-25 12:43:25 info: server listening on port: 8080
2024-08-25 12:43:27 info: Conectados a Mongo DB
2024-08-25 12:43:27 info: server listening on port: 8080
2024-08-25 12:43:29 info: Conectados a Mongo DB
2024-08-25 12:43:29 info: server listening on port: 8080
2024-08-25 12:44:15 info: Conectados a Mongo DB
2024-08-25 12:44:15 info: server listening on port: 8080
2024-08-25 12:44:19 info: Conectados a Mongo DB
2024-08-25 12:44:19 info: server listening on port: 8080
2024-08-25 12:44:34 info: Conectados a Mongo DB
2024-08-25 12:44:34 info: server listening on port: 8080
2024-08-25 12:44:38 info: Conectados a Mongo DB
2024-08-25 12:44:38 info: server listening on port: 8080
2024-08-25 12:44:47 info: Conectados a Mongo DB
2024-08-25 12:44:47 info: server listening on port: 8080
2024-08-25 12:44:54 info: Conectados a Mongo DB
2024-08-25 12:44:54 info: server listening on port: 8080
2024-08-25 12:44:57 info: Conectados a Mongo DB
2024-08-25 12:44:57 info: server listening on port: 8080
2024-08-25 12:45:03 info: Conectados a Mongo DB
2024-08-25 12:45:03 info: server listening on port: 8080
2024-08-25 12:45:30 info: Conectados a Mongo DB
2024-08-25 12:45:30 info: server listening on port: 8080
2024-08-25 12:45:52 info: Conectados a Mongo DB
2024-08-25 12:45:52 info: server listening on port: 8080
2024-08-25 12:46:06 info: Conectados a Mongo DB
2024-08-25 12:46:06 info: server listening on port: 8080
2024-08-25 12:46:09 info: Conectados a Mongo DB
2024-08-25 12:46:09 info: server listening on port: 8080
2024-08-25 12:46:12 info: Conectados a Mongo DB
2024-08-25 12:46:12 info: server listening on port: 8080
2024-08-25 12:46:15 info: Conectados a Mongo DB
2024-08-25 12:46:15 info: server listening on port: 8080
2024-08-25 12:46:54 info: Conectados a Mongo DB
2024-08-25 12:46:54 info: server listening on port: 8080
2024-08-25 12:47:03 info: Conectados a Mongo DB
2024-08-25 12:47:03 info: server listening on port: 8080
2024-08-25 12:47:20 info: Conectados a Mongo DB
2024-08-25 12:47:20 info: server listening on port: 8080
2024-08-25 12:47:21 info: Conectados a Mongo DB
2024-08-25 12:47:21 info: server listening on port: 8080
2024-08-25 12:47:26 info: Conectados a Mongo DB
2024-08-25 12:47:26 info: server listening on port: 8080
2024-08-25 12:47:30 info: Conectados a Mongo DB
2024-08-25 12:47:30 info: server listening on port: 8080
2024-08-25 13:02:08 info: Conectados a Mongo DB
2024-08-25 13:02:08 info: server listening on port: 8080
2024-08-25 13:02:45 info: Conectados a Mongo DB
2024-08-25 13:02:45 info: server listening on port: 8080
2024-08-25 13:02:50 info: Conectados a Mongo DB
2024-08-25 13:02:50 info: server listening on port: 8080
2024-08-25 13:02:54 info: Conectados a Mongo DB
2024-08-25 13:02:54 info: server listening on port: 8080
2024-08-25 13:02:56 info: Conectados a Mongo DB
2024-08-25 13:02:56 info: server listening on port: 8080
2024-08-25 13:03:03 info: Conectados a Mongo DB
2024-08-25 13:03:03 info: server listening on port: 8080
2024-08-25 13:03:08 info: Conectados a Mongo DB
2024-08-25 13:03:08 info: server listening on port: 8080
2024-08-25 13:04:07 info: Conectados a Mongo DB
2024-08-25 13:04:07 info: server listening on port: 8080
2024-08-25 13:12:40 info: Conectados a Mongo DB
2024-08-25 13:12:40 info: server listening on port: 8080
2024-08-25 13:14:43 info: Conectados a Mongo DB
2024-08-25 13:14:43 info: server listening on port: 8080
2024-08-25 13:14:47 info: Conectados a Mongo DB
2024-08-25 13:14:47 info: server listening on port: 8080
2024-08-25 13:14:49 info: Conectados a Mongo DB
2024-08-25 13:14:49 info: server listening on port: 8080
2024-08-25 13:14:53 info: Conectados a Mongo DB
2024-08-25 13:14:53 info: server listening on port: 8080
2024-08-25 13:17:16 info: Conectados a Mongo DB
2024-08-25 13:17:16 info: server listening on port: 8080
2024-08-25 13:18:37 info: Conectados a Mongo DB
2024-08-25 13:18:37 info: server listening on port: 8080
2024-08-25 13:18:44 info: [object Object]
2024-08-25 13:19:07 info: [object Object]
2024-08-25 13:58:57 info: Conectados a Mongo DB
2024-08-25 13:58:57 info: server listening on port: 8080
2024-08-25 13:58:59 info: Conectados a Mongo DB
2024-08-25 13:58:59 info: server listening on port: 8080
2024-08-25 13:59:06 info: Conectados a Mongo DB
2024-08-25 13:59:06 info: server listening on port: 8080
2024-08-25 13:59:09 info: Conectados a Mongo DB
2024-08-25 13:59:09 info: server listening on port: 8080
2024-08-25 13:59:12 info: Conectados a Mongo DB
2024-08-25 13:59:12 info: server listening on port: 8080
2024-08-25 13:59:19 info: Conectados a Mongo DB
2024-08-25 13:59:19 info: server listening on port: 8080
2024-08-25 13:59:21 info: Conectados a Mongo DB
2024-08-25 13:59:21 info: server listening on port: 8080
2024-08-25 13:59:24 info: Conectados a Mongo DB
2024-08-25 13:59:24 info: server listening on port: 8080
2024-08-25 13:59:25 info: Conectados a Mongo DB
2024-08-25 13:59:25 info: server listening on port: 8080
2024-08-25 13:59:31 info: Conectados a Mongo DB
2024-08-25 13:59:31 info: server listening on port: 8080
2024-08-25 14:02:15 info: Conectados a Mongo DB
2024-08-25 14:02:15 info: server listening on port: 8080
2024-08-25 14:03:56 info: Conectados a Mongo DB
2024-08-25 14:03:56 info: server listening on port: 8080
2024-08-25 14:04:41 info: Conectados a Mongo DB
2024-08-25 14:04:41 info: server listening on port: 8080
2024-08-25 14:04:49 info: Conectados a Mongo DB
2024-08-25 14:04:49 info: server listening on port: 8080
2024-08-25 14:04:56 info: Conectados a Mongo DB
2024-08-25 14:04:56 info: server listening on port: 8080
2024-08-25 14:04:59 info: Conectados a Mongo DB
2024-08-25 14:04:59 info: server listening on port: 8080
2024-08-25 14:05:02 info: Conectados a Mongo DB
2024-08-25 14:05:02 info: server listening on port: 8080
2024-08-25 14:05:05 info: Conectados a Mongo DB
2024-08-25 14:05:05 info: server listening on port: 8080
2024-08-25 14:05:16 info: Conectados a Mongo DB
2024-08-25 14:05:16 info: server listening on port: 8080
2024-08-25 14:06:03 info: Conectados a Mongo DB
2024-08-25 14:06:03 info: server listening on port: 8080
2024-08-25 14:06:08 info: Conectados a Mongo DB
2024-08-25 14:06:08 info: server listening on port: 8080
2024-08-25 14:07:36 info: Conectados a Mongo DB
2024-08-25 14:07:36 info: server listening on port: 8080
2024-08-25 14:08:12 info: Conectados a Mongo DB
2024-08-25 14:08:12 info: server listening on port: 8080
2024-08-25 14:08:15 info: Conectados a Mongo DB
2024-08-25 14:08:15 info: server listening on port: 8080
2024-08-25 14:08:55 info: Conectados a Mongo DB
2024-08-25 14:08:55 info: server listening on port: 8080
2024-08-25 14:09:34 info: Conectados a Mongo DB
2024-08-25 14:09:34 info: server listening on port: 8080
2024-08-25 14:09:44 info: Conectados a Mongo DB
2024-08-25 14:09:44 info: server listening on port: 8080
2024-08-25 14:09:48 info: Conectados a Mongo DB
2024-08-25 14:09:48 info: server listening on port: 8080
2024-08-25 14:09:50 info: Conectados a Mongo DB
2024-08-25 14:09:50 info: server listening on port: 8080
2024-08-25 14:09:59 info: Conectados a Mongo DB
2024-08-25 14:09:59 info: server listening on port: 8080
2024-08-25 14:10:01 info: Conectados a Mongo DB
2024-08-25 14:10:01 info: server listening on port: 8080
2024-08-25 14:14:10 info: Conectados a Mongo DB
2024-08-25 14:14:10 info: server listening on port: 8080
2024-08-25 14:14:28 info: Conectados a Mongo DB
2024-08-25 14:14:28 info: server listening on port: 8080
2024-08-25 14:16:55 info: Conectados a Mongo DB
2024-08-25 14:16:55 info: server listening on port: 8080
2024-08-25 14:17:32 info: Conectados a Mongo DB
2024-08-25 14:17:32 info: server listening on port: 8080
2024-08-25 14:18:27 info: Conectados a Mongo DB
2024-08-25 14:18:27 info: server listening on port: 8080
2024-08-25 14:18:29 info: Conectados a Mongo DB
2024-08-25 14:18:29 info: server listening on port: 8080
2024-08-25 14:18:31 info: Conectados a Mongo DB
2024-08-25 14:18:31 info: server listening on port: 8080
2024-08-25 14:18:35 info: Conectados a Mongo DB
2024-08-25 14:18:35 info: server listening on port: 8080
2024-08-25 14:18:41 info: Conectados a Mongo DB
2024-08-25 14:18:41 info: server listening on port: 8080
2024-08-25 14:18:43 info: Conectados a Mongo DB
2024-08-25 14:18:43 info: server listening on port: 8080
2024-08-25 14:18:46 info: Conectados a Mongo DB
2024-08-25 14:18:46 info: server listening on port: 8080
2024-08-25 14:18:49 info: Conectados a Mongo DB
2024-08-25 14:18:49 info: server listening on port: 8080
2024-08-25 14:19:57 info: Conectados a Mongo DB
2024-08-25 14:19:57 info: server listening on port: 8080
2024-08-25 14:20:06 info: Conectados a Mongo DB
2024-08-25 14:20:06 info: server listening on port: 8080
2024-08-25 14:20:11 info: Conectados a Mongo DB
2024-08-25 14:20:11 info: server listening on port: 8080
2024-08-25 14:25:26 info: Conectados a Mongo DB
2024-08-25 14:25:26 info: server listening on port: 8080
2024-08-25 14:25:29 info: Conectados a Mongo DB
2024-08-25 14:25:29 info: server listening on port: 8080
2024-08-25 14:25:31 info: Conectados a Mongo DB
2024-08-25 14:25:31 info: server listening on port: 8080
2024-08-25 14:25:33 info: Conectados a Mongo DB
2024-08-25 14:25:33 info: server listening on port: 8080
2024-08-25 14:25:36 info: Conectados a Mongo DB
2024-08-25 14:25:36 info: server listening on port: 8080
2024-08-25 14:25:42 info: Conectados a Mongo DB
2024-08-25 14:25:42 info: server listening on port: 8080
2024-08-25 14:25:43 info: Conectados a Mongo DB
2024-08-25 14:25:43 info: server listening on port: 8080
2024-08-25 14:25:56 info: Conectados a Mongo DB
2024-08-25 14:25:56 info: server listening on port: 8080
2024-08-25 14:27:45 info: [object Object]
2024-08-25 14:27:46 error: [POST] api/user/email/reset-password-No recipients defined
2024-08-25 14:29:05 info: [object Object]
2024-08-25 14:29:06 error: [POST] api/user/email/reset-password-No recipients defined
2024-08-25 14:32:55 info: Conectados a Mongo DB
2024-08-25 14:32:55 info: server listening on port: 8080
2024-08-25 14:33:03 info: carlosromero41290@gmail.com
2024-08-25 14:36:01 info: charles9010@gmail.com
2024-08-25 14:36:43 info: Conectados a Mongo DB
2024-08-25 14:36:43 info: server listening on port: 8080
2024-08-25 14:39:07 info: Conectados a Mongo DB
2024-08-25 14:39:07 info: server listening on port: 8080
2024-08-25 14:40:18 info: Conectados a Mongo DB
2024-08-25 14:40:18 info: server listening on port: 8080
2024-08-25 14:43:01 info: Conectados a Mongo DB
2024-08-25 14:43:01 info: server listening on port: 8080
2024-08-25 14:58:03 info: Conectados a Mongo DB
2024-08-25 14:58:03 info: server listening on port: 8080
2024-08-25 15:16:18 info: Conectados a Mongo DB
2024-08-25 15:16:18 info: server listening on port: 8080
2024-08-25 15:18:34 info: Conectados a Mongo DB
2024-08-25 15:18:34 info: server listening on port: 8080
2024-08-25 15:33:00 info: Conectados a Mongo DB
2024-08-25 15:33:00 info: server listening on port: 8080
2024-08-25 15:33:18 info: Conectados a Mongo DB
2024-08-25 15:33:18 info: server listening on port: 8080
2024-08-25 15:33:25 info: Conectados a Mongo DB
2024-08-25 15:33:25 info: server listening on port: 8080
2024-08-25 15:33:28 info: Conectados a Mongo DB
2024-08-25 15:33:28 info: server listening on port: 8080
2024-08-25 15:33:35 info: Conectados a Mongo DB
2024-08-25 15:33:35 info: server listening on port: 8080
2024-08-25 15:33:43 info: Conectados a Mongo DB
2024-08-25 15:33:43 info: server listening on port: 8080
2024-08-25 16:01:43 info: Conectados a Mongo DB
2024-08-25 16:01:43 info: server listening on port: 8080
2024-08-25 16:11:17 info: Conectados a Mongo DB
2024-08-25 16:11:17 info: server listening on port: 8080
2024-08-25 16:11:20 info: Conectados a Mongo DB
2024-08-25 16:11:20 info: server listening on port: 8080
2024-08-25 16:16:15 info: Conectados a Mongo DB
2024-08-25 16:16:15 info: server listening on port: 8080
2024-08-25 16:17:55 info: Conectados a Mongo DB
2024-08-25 16:17:55 info: server listening on port: 8080
2024-08-25 16:18:06 info: Conectados a Mongo DB
2024-08-25 16:18:06 info: server listening on port: 8080
2024-08-25 16:18:15 info: Conectados a Mongo DB
2024-08-25 16:18:15 info: server listening on port: 8080
2024-08-25 16:18:21 info: Conectados a Mongo DB
2024-08-25 16:18:21 info: server listening on port: 8080
2024-08-25 16:18:26 info: Conectados a Mongo DB
2024-08-25 16:18:26 info: server listening on port: 8080
2024-08-25 16:18:28 info: Conectados a Mongo DB
2024-08-25 16:18:28 info: server listening on port: 8080
2024-08-25 16:18:43 info: Conectados a Mongo DB
2024-08-25 16:18:43 info: server listening on port: 8080
2024-08-25 16:18:48 info: Conectados a Mongo DB
2024-08-25 16:18:48 info: server listening on port: 8080
2024-08-25 16:18:57 info: Conectados a Mongo DB
2024-08-25 16:18:57 info: server listening on port: 8080
2024-08-25 16:19:13 info: Conectados a Mongo DB
2024-08-25 16:19:13 info: server listening on port: 8080
2024-08-25 16:19:15 info: Conectados a Mongo DB
2024-08-25 16:19:15 info: server listening on port: 8080
2024-08-25 16:19:19 info: Conectados a Mongo DB
2024-08-25 16:19:19 info: server listening on port: 8080
2024-08-25 16:19:29 info: Conectados a Mongo DB
2024-08-25 16:19:29 info: server listening on port: 8080
2024-08-25 16:19:40 info: Conectados a Mongo DB
2024-08-25 16:19:40 info: server listening on port: 8080
2024-08-25 16:19:42 info: Conectados a Mongo DB
2024-08-25 16:19:42 info: server listening on port: 8080
2024-08-25 16:19:53 info: Conectados a Mongo DB
2024-08-25 16:19:53 info: server listening on port: 8080
2024-08-25 16:20:04 info: Conectados a Mongo DB
2024-08-25 16:20:04 info: server listening on port: 8080
2024-08-25 16:20:07 info: Conectados a Mongo DB
2024-08-25 16:20:07 info: server listening on port: 8080
2024-08-25 16:20:08 info: Conectados a Mongo DB
2024-08-25 16:20:08 info: server listening on port: 8080
2024-08-25 16:20:17 info: Conectados a Mongo DB
2024-08-25 16:20:17 info: server listening on port: 8080
2024-08-25 16:20:40 info: Conectados a Mongo DB
2024-08-25 16:20:40 info: server listening on port: 8080
2024-08-25 16:21:10 info: Conectados a Mongo DB
2024-08-25 16:21:10 info: server listening on port: 8080
2024-08-25 16:21:15 info: Conectados a Mongo DB
2024-08-25 16:21:15 info: server listening on port: 8080
2024-08-25 16:21:24 info: Conectados a Mongo DB
2024-08-25 16:21:24 info: server listening on port: 8080
2024-08-25 16:21:26 info: Conectados a Mongo DB
2024-08-25 16:21:26 info: server listening on port: 8080
2024-08-25 16:21:32 info: Conectados a Mongo DB
2024-08-25 16:21:32 info: server listening on port: 8080
2024-08-25 16:22:45 info: Conectados a Mongo DB
2024-08-25 16:22:45 info: server listening on port: 8080
2024-08-25 16:22:50 info: Conectados a Mongo DB
2024-08-25 16:22:50 info: server listening on port: 8080
2024-08-25 16:29:00 info: Conectados a Mongo DB
2024-08-25 16:29:00 info: server listening on port: 8080
2024-08-25 16:29:03 info: Conectados a Mongo DB
2024-08-25 16:29:03 info: server listening on port: 8080
2024-08-25 16:29:05 info: Conectados a Mongo DB
2024-08-25 16:29:05 info: server listening on port: 8080
2024-08-25 16:29:07 info: Conectados a Mongo DB
2024-08-25 16:29:07 info: server listening on port: 8080
2024-08-25 16:29:08 info: Conectados a Mongo DB
2024-08-25 16:29:08 info: server listening on port: 8080
2024-08-25 16:29:23 info: Conectados a Mongo DB
2024-08-25 16:29:23 info: server listening on port: 8080
2024-08-25 16:29:27 info: Conectados a Mongo DB
2024-08-25 16:29:27 info: server listening on port: 8080
2024-08-25 16:35:37 info: Conectados a Mongo DB
2024-08-25 16:35:37 info: server listening on port: 8080
2024-08-25 16:35:42 info: Conectados a Mongo DB
2024-08-25 16:35:42 info: server listening on port: 8080
2024-08-25 16:36:17 info: Conectados a Mongo DB
2024-08-25 16:36:17 info: server listening on port: 8080
2024-08-25 16:36:19 info: Conectados a Mongo DB
2024-08-25 16:36:19 info: server listening on port: 8080
2024-08-25 16:36:25 info: Conectados a Mongo DB
2024-08-25 16:36:25 info: server listening on port: 8080
2024-08-25 16:36:39 info: Conectados a Mongo DB
2024-08-25 16:36:39 info: server listening on port: 8080
2024-08-25 16:38:51 info: Conectados a Mongo DB
2024-08-25 16:38:51 info: server listening on port: 8080
2024-08-25 16:38:59 info: Conectados a Mongo DB
2024-08-25 16:38:59 info: server listening on port: 8080
2024-08-25 16:40:28 info: Conectados a Mongo DB
2024-08-25 16:40:28 info: server listening on port: 8080
2024-08-25 16:40:33 info: Conectados a Mongo DB
2024-08-25 16:40:34 info: server listening on port: 8080
2024-08-25 16:44:30 info: Conectados a Mongo DB
2024-08-25 16:44:30 info: server listening on port: 8080
2024-08-25 16:47:55 info: Conectados a Mongo DB
2024-08-25 16:47:55 info: server listening on port: 8080
2024-08-25 16:47:57 info: Conectados a Mongo DB
2024-08-25 16:47:57 info: server listening on port: 8080
2024-08-25 16:50:07 info: Conectados a Mongo DB
2024-08-25 16:50:07 info: server listening on port: 8080
2024-08-25 16:50:09 info: Conectados a Mongo DB
2024-08-25 16:50:09 info: server listening on port: 8080
2024-08-25 16:50:10 info: Conectados a Mongo DB
2024-08-25 16:50:10 info: server listening on port: 8080
2024-08-25 16:52:50 info: Conectados a Mongo DB
2024-08-25 16:52:50 info: server listening on port: 8080
2024-08-25 16:52:51 info: Conectados a Mongo DB
2024-08-25 16:52:51 info: server listening on port: 8080
2024-08-25 16:52:54 info: Conectados a Mongo DB
2024-08-25 16:52:54 info: server listening on port: 8080
2024-08-25 17:00:40 info: Conectados a Mongo DB
2024-08-25 17:00:40 info: server listening on port: 8080
2024-08-25 17:01:40 info: Conectados a Mongo DB
2024-08-25 17:01:40 info: server listening on port: 8080
2024-08-25 17:01:42 info: Conectados a Mongo DB
2024-08-25 17:01:42 info: server listening on port: 8080
2024-08-25 17:02:03 info: Conectados a Mongo DB
2024-08-25 17:02:03 info: server listening on port: 8080
2024-08-25 17:02:10 info: Conectados a Mongo DB
2024-08-25 17:02:10 info: server listening on port: 8080
2024-08-25 17:02:12 info: Conectados a Mongo DB
2024-08-25 17:02:12 info: server listening on port: 8080
2024-08-25 17:03:03 info: Conectados a Mongo DB
2024-08-25 17:03:03 info: server listening on port: 8080
2024-08-25 17:03:10 info: Conectados a Mongo DB
2024-08-25 17:03:10 info: server listening on port: 8080
2024-08-25 17:04:28 info: Conectados a Mongo DB
2024-08-25 17:04:29 info: server listening on port: 8080
2024-08-25 17:05:20 info: Conectados a Mongo DB
2024-08-25 17:05:20 info: server listening on port: 8080
2024-08-25 17:05:26 info: Conectados a Mongo DB
2024-08-25 17:05:26 info: server listening on port: 8080
2024-08-25 17:05:32 info: Conectados a Mongo DB
2024-08-25 17:05:32 info: server listening on port: 8080
2024-08-25 17:05:34 info: Conectados a Mongo DB
2024-08-25 17:05:34 info: server listening on port: 8080
2024-08-25 17:08:32 info: Conectados a Mongo DB
2024-08-25 17:08:32 info: server listening on port: 8080
2024-08-25 17:09:06 info: Conectados a Mongo DB
2024-08-25 17:09:06 info: server listening on port: 8080
2024-08-25 17:09:07 info: Conectados a Mongo DB
2024-08-25 17:09:07 info: server listening on port: 8080
2024-08-25 17:09:10 info: Conectados a Mongo DB
2024-08-25 17:09:10 info: server listening on port: 8080
2024-08-25 17:09:13 info: Conectados a Mongo DB
2024-08-25 17:09:13 info: server listening on port: 8080
2024-08-25 17:09:21 info: Conectados a Mongo DB
2024-08-25 17:09:21 info: server listening on port: 8080
2024-08-25 17:09:25 info: Conectados a Mongo DB
2024-08-25 17:09:25 info: server listening on port: 8080
2024-08-25 17:09:32 info: premium
2024-08-25 17:09:49 info: Conectados a Mongo DB
2024-08-25 17:09:49 info: server listening on port: 8080
2024-08-25 17:09:52 info: Conectados a Mongo DB
2024-08-25 17:09:52 info: server listening on port: 8080
2024-08-25 17:09:55 info: Conectados a Mongo DB
2024-08-25 17:09:55 info: server listening on port: 8080
2024-08-25 17:09:57 info: Conectados a Mongo DB
2024-08-25 17:09:57 info: server listening on port: 8080
2024-08-25 17:10:01 info: Conectados a Mongo DB
2024-08-25 17:10:01 info: server listening on port: 8080
2024-08-25 17:10:09 info: Conectados a Mongo DB
2024-08-25 17:10:09 info: server listening on port: 8080
2024-08-25 17:10:11 info: Conectados a Mongo DB
2024-08-25 17:10:11 info: server listening on port: 8080
2024-08-25 17:10:16 info: Conectados a Mongo DB
2024-08-25 17:10:16 info: server listening on port: 8080
2024-08-25 17:10:19 info: Conectados a Mongo DB
2024-08-25 17:10:19 info: server listening on port: 8080
2024-08-25 17:28:55 info: Conectados a Mongo DB
2024-08-25 17:28:55 info: server listening on port: 8080
2024-08-25 17:30:29 info: Conectados a Mongo DB
2024-08-25 17:30:29 info: server listening on port: 8080
2024-08-25 17:32:13 error: -Cannot read properties of null (reading 'owner')
2024-08-25 17:40:21 info: Conectados a Mongo DB
2024-08-25 17:40:21 info: server listening on port: 8080
2024-08-25 17:50:53 info: Conectados a Mongo DB
2024-08-25 17:50:53 info: server listening on port: 8080
2024-08-25 17:51:27 info: Conectados a Mongo DB
2024-08-25 17:51:27 info: server listening on port: 8080
2024-08-25 17:51:29 info: Conectados a Mongo DB
2024-08-25 17:51:29 info: server listening on port: 8080
2024-08-25 17:52:14 info: Conectados a Mongo DB
2024-08-25 17:52:14 info: server listening on port: 8080
2024-08-25 17:52:15 info: Conectados a Mongo DB
2024-08-25 17:52:15 info: server listening on port: 8080
2024-08-25 17:52:17 info: Conectados a Mongo DB
2024-08-25 17:52:17 info: server listening on port: 8080
2024-08-25 17:52:19 info: Conectados a Mongo DB
2024-08-25 17:52:19 info: server listening on port: 8080
2024-08-25 17:52:25 info: Conectados a Mongo DB
2024-08-25 17:52:25 info: server listening on port: 8080
2024-08-25 17:52:32 info: Conectados a Mongo DB
2024-08-25 17:52:32 info: server listening on port: 8080
2024-08-25 17:52:46 info: Conectados a Mongo DB
2024-08-25 17:52:46 info: server listening on port: 8080
2024-08-25 17:52:50 info: Conectados a Mongo DB
2024-08-25 17:52:50 info: server listening on port: 8080
2024-08-25 17:52:52 info: Conectados a Mongo DB
2024-08-25 17:52:52 info: server listening on port: 8080
2024-08-25 17:53:01 info: Conectados a Mongo DB
2024-08-25 17:53:01 info: server listening on port: 8080
2024-08-25 17:53:11 info: Conectados a Mongo DB
2024-08-25 17:53:11 info: server listening on port: 8080
2024-08-25 17:53:19 info: Conectados a Mongo DB
2024-08-25 17:53:19 info: server listening on port: 8080
2024-08-25 17:53:20 info: Conectados a Mongo DB
2024-08-25 17:53:20 info: server listening on port: 8080
2024-08-25 17:53:32 info: Conectados a Mongo DB
2024-08-25 17:53:32 info: server listening on port: 8080
2024-08-25 17:53:52 info: Conectados a Mongo DB
2024-08-25 17:53:52 info: server listening on port: 8080
2024-08-25 17:54:16 info: Conectados a Mongo DB
2024-08-25 17:54:16 info: server listening on port: 8080
2024-08-25 17:58:35 info: Conectados a Mongo DB
2024-08-25 17:58:35 info: server listening on port: 8080
2024-08-25 17:58:39 info: Conectados a Mongo DB
2024-08-25 17:58:39 info: server listening on port: 8080
2024-08-25 17:58:43 info: Conectados a Mongo DB
2024-08-25 17:58:43 info: server listening on port: 8080
2024-08-25 17:59:21 info: Conectados a Mongo DB
2024-08-25 17:59:21 info: server listening on port: 8080
2024-08-25 18:00:12 info: Conectados a Mongo DB
2024-08-25 18:00:12 info: server listening on port: 8080
2024-08-25 18:00:30 info: Conectados a Mongo DB
2024-08-25 18:00:30 info: server listening on port: 8080
2024-08-25 18:01:42 info: Conectados a Mongo DB
2024-08-25 18:01:42 info: server listening on port: 8080
2024-08-25 18:01:47 info: Conectados a Mongo DB
2024-08-25 18:01:47 info: server listening on port: 8080
2024-08-25 18:02:58 info: Conectados a Mongo DB
2024-08-25 18:02:58 info: server listening on port: 8080
2024-08-25 18:03:02 info: Conectados a Mongo DB
2024-08-25 18:03:02 info: server listening on port: 8080
2024-08-25 18:03:14 info: Conectados a Mongo DB
2024-08-25 18:03:14 info: server listening on port: 8080
2024-08-25 18:03:20 info: Conectados a Mongo DB
2024-08-25 18:03:20 info: server listening on port: 8080
2024-08-25 18:22:17 info: Conectados a Mongo DB
2024-08-25 18:22:17 info: server listening on port: 8080
2024-08-25 18:22:31 info: Conectados a Mongo DB
2024-08-25 18:22:31 info: server listening on port: 8080
2024-08-25 18:22:36 info: Conectados a Mongo DB
2024-08-25 18:22:36 info: server listening on port: 8080
2024-08-25 18:22:38 info: Conectados a Mongo DB
2024-08-25 18:22:38 info: server listening on port: 8080
2024-08-25 18:22:39 info: Conectados a Mongo DB
2024-08-25 18:22:39 info: server listening on port: 8080
2024-08-25 18:22:45 info: Conectados a Mongo DB
2024-08-25 18:22:45 info: server listening on port: 8080
2024-08-25 18:23:27 info: Conectados a Mongo DB
2024-08-25 18:23:27 info: server listening on port: 8080
2024-08-25 18:24:21 info: Conectados a Mongo DB
2024-08-25 18:24:21 info: server listening on port: 8080
2024-08-25 18:24:24 info: Conectados a Mongo DB
2024-08-25 18:24:24 info: server listening on port: 8080
2024-08-25 18:24:37 info: Conectados a Mongo DB
2024-08-25 18:24:37 info: server listening on port: 8080
2024-08-25 18:24:45 info: Conectados a Mongo DB
2024-08-25 18:24:45 info: server listening on port: 8080
2024-08-25 18:24:54 info: Conectados a Mongo DB
2024-08-25 18:24:54 info: server listening on port: 8080
2024-08-25 18:24:57 info: Conectados a Mongo DB
2024-08-25 18:24:57 info: server listening on port: 8080
2024-08-25 18:25:03 info: Conectados a Mongo DB
2024-08-25 18:25:03 info: server listening on port: 8080
2024-08-25 18:25:06 info: Conectados a Mongo DB
2024-08-25 18:25:06 info: server listening on port: 8080
2024-08-25 18:25:09 info: Conectados a Mongo DB
2024-08-25 18:25:09 info: server listening on port: 8080
2024-08-25 18:25:18 info: Conectados a Mongo DB
2024-08-25 18:25:18 info: server listening on port: 8080
2024-08-25 18:25:19 info: Conectados a Mongo DB
2024-08-25 18:25:19 info: server listening on port: 8080
2024-08-25 18:25:21 info: Conectados a Mongo DB
2024-08-25 18:25:21 info: server listening on port: 8080
2024-08-25 18:25:35 info: Conectados a Mongo DB
2024-08-25 18:25:35 info: server listening on port: 8080
2024-08-25 18:25:39 info: Conectados a Mongo DB
2024-08-25 18:25:39 info: server listening on port: 8080
2024-08-25 18:25:41 info: Conectados a Mongo DB
2024-08-25 18:25:41 info: server listening on port: 8080
2024-08-25 18:25:43 info: Conectados a Mongo DB
2024-08-25 18:25:43 info: server listening on port: 8080
2024-08-25 18:25:47 info: Conectados a Mongo DB
2024-08-25 18:25:47 info: server listening on port: 8080
2024-08-25 18:25:52 info: Conectados a Mongo DB
2024-08-25 18:25:52 info: server listening on port: 8080
2024-08-25 18:25:55 info: Conectados a Mongo DB
2024-08-25 18:25:55 info: server listening on port: 8080
2024-08-25 18:25:57 info: Conectados a Mongo DB
2024-08-25 18:25:57 info: server listening on port: 8080
2024-08-25 18:26:01 info: Conectados a Mongo DB
2024-08-25 18:26:01 info: server listening on port: 8080
2024-08-25 18:26:16 info: Conectados a Mongo DB
2024-08-25 18:26:16 info: server listening on port: 8080
2024-08-25 18:26:56 info: Conectados a Mongo DB
2024-08-25 18:26:56 info: server listening on port: 8080
2024-08-25 18:27:19 info: Conectados a Mongo DB
2024-08-25 18:27:19 info: server listening on port: 8080
2024-08-25 18:27:32 info: Conectados a Mongo DB
2024-08-25 18:27:32 info: server listening on port: 8080
2024-08-25 18:27:49 info: Conectados a Mongo DB
2024-08-25 18:27:49 info: server listening on port: 8080
2024-08-25 18:27:56 info: Conectados a Mongo DB
2024-08-25 18:27:56 info: server listening on port: 8080
2024-08-25 18:27:57 info: Conectados a Mongo DB
2024-08-25 18:27:57 info: server listening on port: 8080
2024-08-25 18:28:02 info: Conectados a Mongo DB
2024-08-25 18:28:02 info: server listening on port: 8080
2024-08-25 18:28:05 info: Conectados a Mongo DB
2024-08-25 18:28:05 info: server listening on port: 8080
2024-08-25 18:28:08 info: Conectados a Mongo DB
2024-08-25 18:28:08 info: server listening on port: 8080
2024-08-25 18:28:14 info: Conectados a Mongo DB
2024-08-25 18:28:14 info: server listening on port: 8080
2024-08-25 18:28:17 info: Conectados a Mongo DB
2024-08-25 18:28:17 info: server listening on port: 8080
2024-08-25 18:28:24 info: Conectados a Mongo DB
2024-08-25 18:28:24 info: server listening on port: 8080
2024-08-25 18:28:58 info: Conectados a Mongo DB
2024-08-25 18:28:58 info: server listening on port: 8080
2024-08-25 18:29:05 info: Conectados a Mongo DB
2024-08-25 18:29:05 info: server listening on port: 8080
2024-08-25 18:29:08 info: Conectados a Mongo DB
2024-08-25 18:29:08 info: server listening on port: 8080
2024-08-25 18:29:10 info: Conectados a Mongo DB
2024-08-25 18:29:10 info: server listening on port: 8080
2024-08-25 18:29:12 info: Conectados a Mongo DB
2024-08-25 18:29:12 info: server listening on port: 8080
2024-08-25 18:29:31 info: Conectados a Mongo DB
2024-08-25 18:29:31 info: server listening on port: 8080
2024-08-25 18:29:33 info: Conectados a Mongo DB
2024-08-25 18:29:33 info: server listening on port: 8080
2024-08-25 18:30:47 info: Conectados a Mongo DB
2024-08-25 18:30:47 info: server listening on port: 8080
2024-08-25 18:31:07 info: Conectados a Mongo DB
2024-08-25 18:31:07 info: server listening on port: 8080
2024-08-25 18:31:15 info: Conectados a Mongo DB
2024-08-25 18:31:15 info: server listening on port: 8080
2024-08-25 18:31:23 info: Conectados a Mongo DB
2024-08-25 18:31:23 info: server listening on port: 8080
2024-08-25 18:31:24 info: Conectados a Mongo DB
2024-08-25 18:31:24 info: server listening on port: 8080
2024-08-25 18:31:31 info: Conectados a Mongo DB
2024-08-25 18:31:31 info: server listening on port: 8080
2024-08-25 18:31:40 info: Conectados a Mongo DB
2024-08-25 18:31:40 info: server listening on port: 8080
2024-08-25 18:31:42 info: Conectados a Mongo DB
2024-08-25 18:31:42 info: server listening on port: 8080
2024-08-25 18:48:37 info: Conectados a Mongo DB
2024-08-25 18:48:37 info: server listening on port: 8080
2024-08-25 18:49:50 info: Conectados a Mongo DB
2024-08-25 18:49:50 info: server listening on port: 8080
2024-08-25 18:49:53 info: Conectados a Mongo DB
2024-08-25 18:49:53 info: server listening on port: 8080
2024-08-25 18:50:00 info: Conectados a Mongo DB
2024-08-25 18:50:00 info: server listening on port: 8080
